[DEBUG] Variables:
    timestamp = 2025-06-23T03:56:23.223026
    original_text = Израиль по просьбе Трампа расчистил путь для американских бомбардировщиков, которые летели бомбить Иран, — Axios. 

Издание отмечает, что об этом президент США лично попросил Нетаньяху.

«Чем мы можем помочь?» — спросил израильский премьер, согласно пересказу источников Axios. Трамп попросил его уничтожить как можно больше иранских систем ПВО на юге Ирана, США предоставили список объектов.

[War Zone ✙ ➔ △ подписаться](https://t.me/+TKscGBDgLF1kNzEy)
    cleaned_text = Израиль по просьбе Трампа расчистил путь для американских бомбардировщиков, которые летели бомбить Иран, — Axios. 
Издание отмечает, что об этом президент США лично попросил Нетаньяху.
«Чем мы можем помочь?» — спросил израильский премьер, согласно пересказу источников Axios. Трамп попросил его уничтожить как можно больше иранских систем ПВО на юге Ирана, США предоставили список объектов.
[War Zone ✙ ➔ △ подписаться](https://t.me/+TKscGBDgLF1kNzEy)
    formatted_text = <p>Израиль по просьбе Трампа расчистил путь для американских бомбардировщиков, которые летели бомбить Иран, — Axios.
Издание отмечает, что об этом президент США лично попросил Нетаньяху.
«Чем мы можем помочь?» — спросил израильский премьер, согласно пересказу источников Axios. Трамп попросил его уничтожить как можно больше иранских систем ПВО на юге Ирана, США предоставили список объектов.
<a href="https://t.me/+TKscGBDgLF1kNzEy">War Zone ✙ ➔ △ подписаться</a></p>

[DEBUG] Variables:
    timestamp = 2025-06-23T03:56:23.225310
    original_text = Разъебанный дом в Киеве и здание КПИ (так пишут) после прилетов

[War Zone ✙ ➔ △ подписаться](https://t.me/+TKscGBDgLF1kNzEy)
    cleaned_text = Разъебанный дом в Киеве и здание КПИ (так пишут) после прилетов
[War Zone ✙ ➔ △ подписаться](https://t.me/+TKscGBDgLF1kNzEy)
    formatted_text = <p>Разъебанный дом в Киеве и здание КПИ (так пишут) после прилетов
<a href="https://t.me/+TKscGBDgLF1kNzEy">War Zone ✙ ➔ △ подписаться</a></p>

[DEBUG] Variables:
    timestamp = 2025-06-23T03:56:23.227267
    original_text = [War Zone ✙ ➔ △ подписаться](https://t.me/+TKscGBDgLF1kNzEy)
    cleaned_text = [War Zone ✙ ➔ △ подписаться](https://t.me/+TKscGBDgLF1kNzEy)
    formatted_text = <p><a href="https://t.me/+TKscGBDgLF1kNzEy">War Zone ✙ ➔ △ подписаться</a></p>

[DEBUG] Variables:
    timestamp = 2025-06-23T03:56:23.229065
    original_text = Опять по Киеву хуева туча чего летела, искандер крылатый прям над хатой полетел

[War Zone ✙ ➔ △ подписаться](https://t.me/+TKscGBDgLF1kNzEy)
    cleaned_text = Опять по Киеву хуева туча чего летела, искандер крылатый прям над хатой полетел
[War Zone ✙ ➔ △ подписаться](https://t.me/+TKscGBDgLF1kNzEy)
    formatted_text = <p>Опять по Киеву хуева туча чего летела, искандер крылатый прям над хатой полетел
<a href="https://t.me/+TKscGBDgLF1kNzEy">War Zone ✙ ➔ △ подписаться</a></p>

[DEBUG] Variables:
    timestamp = 2025-06-23T03:56:23.230669
    original_text = [War Zone ✙ ➔ △ подписаться](https://t.me/+TKscGBDgLF1kNzEy)
    cleaned_text = [War Zone ✙ ➔ △ подписаться](https://t.me/+TKscGBDgLF1kNzEy)
    formatted_text = <p><a href="https://t.me/+TKscGBDgLF1kNzEy">War Zone ✙ ➔ △ подписаться</a></p>

[DEBUG] Variables:
    timestamp = 2025-06-23T03:58:35.352284
    original_text = Израиль по просьбе Трампа расчистил путь для американских бомбардировщиков, которые летели бомбить Иран, — Axios. 

Издание отмечает, что об этом президент США лично попросил Нетаньяху.

«Чем мы можем помочь?» — спросил израильский премьер, согласно пересказу источников Axios. Трамп попросил его уничтожить как можно больше иранских систем ПВО на юге Ирана, США предоставили список объектов.

[War Zone ✙ ➔ △ подписаться](https://t.me/+TKscGBDgLF1kNzEy)
    cleaned_markdown = Израиль по просьбе Трампа расчистил путь для американских бомбардировщиков, которые летели бомбить Иран, — Axios. 
Издание отмечает, что об этом президент США лично попросил Нетаньяху.
«Чем мы можем помочь?» — спросил израильский премьер, согласно пересказу источников Axios. Трамп попросил его уничтожить как можно больше иранских систем ПВО на юге Ирана, США предоставили список объектов.
[War Zone ✙ ➔ △ подписаться](https://t.me/+TKscGBDgLF1kNzEy)
    formatted_text = <p>Израиль по просьбе Трампа расчистил путь для американских бомбардировщиков, которые летели бомбить Иран, — Axios.
Издание отмечает, что об этом президент США лично попросил Нетаньяху.
«Чем мы можем помочь?» — спросил израильский премьер, согласно пересказу источников Axios. Трамп попросил его уничтожить как можно больше иранских систем ПВО на юге Ирана, США предоставили список объектов.
<a href="https://t.me/+TKscGBDgLF1kNzEy">War Zone ✙ ➔ △ подписаться</a></p>

[DEBUG] Variables:
    timestamp = 2025-06-23T03:58:35.368591
    original_text = Разъебанный дом в Киеве и здание КПИ (так пишут) после прилетов

[War Zone ✙ ➔ △ подписаться](https://t.me/+TKscGBDgLF1kNzEy)
    cleaned_markdown = Разъебанный дом в Киеве и здание КПИ (так пишут) после прилетов
[War Zone ✙ ➔ △ подписаться](https://t.me/+TKscGBDgLF1kNzEy)
    formatted_text = <p>Разъебанный дом в Киеве и здание КПИ (так пишут) после прилетов
<a href="https://t.me/+TKscGBDgLF1kNzEy">War Zone ✙ ➔ △ подписаться</a></p>

[DEBUG] Variables:
    timestamp = 2025-06-23T03:58:35.371044
    original_text = [War Zone ✙ ➔ △ подписаться](https://t.me/+TKscGBDgLF1kNzEy)
    cleaned_markdown = [War Zone ✙ ➔ △ подписаться](https://t.me/+TKscGBDgLF1kNzEy)
    formatted_text = <p><a href="https://t.me/+TKscGBDgLF1kNzEy">War Zone ✙ ➔ △ подписаться</a></p>

[DEBUG] Variables:
    timestamp = 2025-06-23T03:58:35.375837
    original_text = Опять по Киеву хуева туча чего летела, искандер крылатый прям над хатой полетел

[War Zone ✙ ➔ △ подписаться](https://t.me/+TKscGBDgLF1kNzEy)
    cleaned_markdown = Опять по Киеву хуева туча чего летела, искандер крылатый прям над хатой полетел
[War Zone ✙ ➔ △ подписаться](https://t.me/+TKscGBDgLF1kNzEy)
    formatted_text = <p>Опять по Киеву хуева туча чего летела, искандер крылатый прям над хатой полетел
<a href="https://t.me/+TKscGBDgLF1kNzEy">War Zone ✙ ➔ △ подписаться</a></p>

[DEBUG] Variables:
    timestamp = 2025-06-23T03:58:35.378307
    original_text = [War Zone ✙ ➔ △ подписаться](https://t.me/+TKscGBDgLF1kNzEy)
    cleaned_markdown = [War Zone ✙ ➔ △ подписаться](https://t.me/+TKscGBDgLF1kNzEy)
    formatted_text = <p><a href="https://t.me/+TKscGBDgLF1kNzEy">War Zone ✙ ➔ △ подписаться</a></p>

[DEBUG] Variables:
    timestamp = 2025-06-23T03:59:47.973878
    original_text = Израиль по просьбе Трампа расчистил путь для американских бомбардировщиков, которые летели бомбить Иран, — Axios. 

Издание отмечает, что об этом президент США лично попросил Нетаньяху.

«Чем мы можем помочь?» — спросил израильский премьер, согласно пересказу источников Axios. Трамп попросил его уничтожить как можно больше иранских систем ПВО на юге Ирана, США предоставили список объектов.

[War Zone ✙ ➔ △ подписаться](https://t.me/+TKscGBDgLF1kNzEy)
    cleaned_markdown = Израиль по просьбе Трампа расчистил путь для американских бомбардировщиков, которые летели бомбить Иран, — Axios. 
Издание отмечает, что об этом президент США лично попросил Нетаньяху.
«Чем мы можем помочь?» — спросил израильский премьер, согласно пересказу источников Axios. Трамп попросил его уничтожить как можно больше иранских систем ПВО на юге Ирана, США предоставили список объектов.
[War Zone ✙ ➔ △ подписаться](https://t.me/+TKscGBDgLF1kNzEy)
    formatted_text = <p>Израиль по просьбе Трампа расчистил путь для американских бомбардировщиков, которые летели бомбить Иран, — Axios.
Издание отмечает, что об этом президент США лично попросил Нетаньяху.
«Чем мы можем помочь?» — спросил израильский премьер, согласно пересказу источников Axios. Трамп попросил его уничтожить как можно больше иранских систем ПВО на юге Ирана, США предоставили список объектов.
<a href="https://t.me/+TKscGBDgLF1kNzEy">War Zone ✙ ➔ △ подписаться</a></p>

[DEBUG] Variables:
    timestamp = 2025-06-23T03:59:47.976572
    original_text = Разъебанный дом в Киеве и здание КПИ (так пишут) после прилетов

[War Zone ✙ ➔ △ подписаться](https://t.me/+TKscGBDgLF1kNzEy)
    cleaned_markdown = Разъебанный дом в Киеве и здание КПИ (так пишут) после прилетов
[War Zone ✙ ➔ △ подписаться](https://t.me/+TKscGBDgLF1kNzEy)
    formatted_text = <p>Разъебанный дом в Киеве и здание КПИ (так пишут) после прилетов
<a href="https://t.me/+TKscGBDgLF1kNzEy">War Zone ✙ ➔ △ подписаться</a></p>

[DEBUG] Variables:
    timestamp = 2025-06-23T03:59:47.978957
    original_text = [War Zone ✙ ➔ △ подписаться](https://t.me/+TKscGBDgLF1kNzEy)
    cleaned_markdown = [War Zone ✙ ➔ △ подписаться](https://t.me/+TKscGBDgLF1kNzEy)
    formatted_text = <p><a href="https://t.me/+TKscGBDgLF1kNzEy">War Zone ✙ ➔ △ подписаться</a></p>

[DEBUG] Variables:
    timestamp = 2025-06-23T03:59:47.981249
    original_text = Опять по Киеву хуева туча чего летела, искандер крылатый прям над хатой полетел

[War Zone ✙ ➔ △ подписаться](https://t.me/+TKscGBDgLF1kNzEy)
    cleaned_markdown = Опять по Киеву хуева туча чего летела, искандер крылатый прям над хатой полетел
[War Zone ✙ ➔ △ подписаться](https://t.me/+TKscGBDgLF1kNzEy)
    formatted_text = <p>Опять по Киеву хуева туча чего летела, искандер крылатый прям над хатой полетел
<a href="https://t.me/+TKscGBDgLF1kNzEy">War Zone ✙ ➔ △ подписаться</a></p>

[DEBUG] Variables:
    timestamp = 2025-06-23T03:59:47.982959
    original_text = [War Zone ✙ ➔ △ подписаться](https://t.me/+TKscGBDgLF1kNzEy)
    cleaned_markdown = [War Zone ✙ ➔ △ подписаться](https://t.me/+TKscGBDgLF1kNzEy)
    formatted_text = <p><a href="https://t.me/+TKscGBDgLF1kNzEy">War Zone ✙ ➔ △ подписаться</a></p>

[DEBUG] Variables:
    timestamp = 2025-06-23T04:00:37.475391
    original_text = Израиль по просьбе Трампа расчистил путь для американских бомбардировщиков, которые летели бомбить Иран, — Axios. 

Издание отмечает, что об этом президент США лично попросил Нетаньяху.

«Чем мы можем помочь?» — спросил израильский премьер, согласно пересказу источников Axios. Трамп попросил его уничтожить как можно больше иранских систем ПВО на юге Ирана, США предоставили список объектов.

[War Zone ✙ ➔ △ подписаться](https://t.me/+TKscGBDgLF1kNzEy)
    cleaned_markdown = Израиль по просьбе Трампа расчистил путь для американских бомбардировщиков, которые летели бомбить Иран, — Axios. 
Издание отмечает, что об этом президент США лично попросил Нетаньяху.
«Чем мы можем помочь?» — спросил израильский премьер, согласно пересказу источников Axios. Трамп попросил его уничтожить как можно больше иранских систем ПВО на юге Ирана, США предоставили список объектов.
[War Zone ✙ ➔ △ подписаться](https://t.me/+TKscGBDgLF1kNzEy)
    formatted_text = <p>Израиль по просьбе Трампа расчистил путь для американских бомбардировщиков, которые летели бомбить Иран, — Axios.
Издание отмечает, что об этом президент США лично попросил Нетаньяху.
«Чем мы можем помочь?» — спросил израильский премьер, согласно пересказу источников Axios. Трамп попросил его уничтожить как можно больше иранских систем ПВО на юге Ирана, США предоставили список объектов.
<a href="https://t.me/+TKscGBDgLF1kNzEy">War Zone ✙ ➔ △ подписаться</a></p>

[DEBUG] Variables:
    timestamp = 2025-06-23T04:00:37.479872
    original_text = Разъебанный дом в Киеве и здание КПИ (так пишут) после прилетов

[War Zone ✙ ➔ △ подписаться](https://t.me/+TKscGBDgLF1kNzEy)
    cleaned_markdown = Разъебанный дом в Киеве и здание КПИ (так пишут) после прилетов
[War Zone ✙ ➔ △ подписаться](https://t.me/+TKscGBDgLF1kNzEy)
    formatted_text = <p>Разъебанный дом в Киеве и здание КПИ (так пишут) после прилетов
<a href="https://t.me/+TKscGBDgLF1kNzEy">War Zone ✙ ➔ △ подписаться</a></p>

[DEBUG] Variables:
    timestamp = 2025-06-23T04:00:37.484362
    original_text = [War Zone ✙ ➔ △ подписаться](https://t.me/+TKscGBDgLF1kNzEy)
    cleaned_markdown = [War Zone ✙ ➔ △ подписаться](https://t.me/+TKscGBDgLF1kNzEy)
    formatted_text = <p><a href="https://t.me/+TKscGBDgLF1kNzEy">War Zone ✙ ➔ △ подписаться</a></p>

[DEBUG] Variables:
    timestamp = 2025-06-23T04:00:37.487965
    original_text = Опять по Киеву хуева туча чего летела, искандер крылатый прям над хатой полетел

[War Zone ✙ ➔ △ подписаться](https://t.me/+TKscGBDgLF1kNzEy)
    cleaned_markdown = Опять по Киеву хуева туча чего летела, искандер крылатый прям над хатой полетел
[War Zone ✙ ➔ △ подписаться](https://t.me/+TKscGBDgLF1kNzEy)
    formatted_text = <p>Опять по Киеву хуева туча чего летела, искандер крылатый прям над хатой полетел
<a href="https://t.me/+TKscGBDgLF1kNzEy">War Zone ✙ ➔ △ подписаться</a></p>

[DEBUG] Variables:
    timestamp = 2025-06-23T04:00:37.490254
    original_text = [War Zone ✙ ➔ △ подписаться](https://t.me/+TKscGBDgLF1kNzEy)
    cleaned_markdown = [War Zone ✙ ➔ △ подписаться](https://t.me/+TKscGBDgLF1kNzEy)
    formatted_text = <p><a href="https://t.me/+TKscGBDgLF1kNzEy">War Zone ✙ ➔ △ подписаться</a></p>

[DEBUG] Variables:
    timestamp = 2025-06-23T04:00:43.046014
    original_text = 🟢 Сумська область - відбій повітряної тривоги!

__05:11
23.06.2025__
@SumtAlarmBot
    cleaned_markdown = 🟢 Сумська область - відбій повітряної тривоги!
__05:11
23.06.2025__
@SumtAlarmBot
    formatted_text = <p>🟢 Сумська область - відбій повітряної тривоги!
<strong>05:11
23.06.2025</strong>
@SumtAlarmBot</p>

[DEBUG] Variables:
    timestamp = 2025-06-23T04:00:43.052605
    original_text = ⚠️По Т/А станом на зараз без загрози.

[Підписатись](https://t.me/sumyregion) | [Відправити новину](https://t.me/sumyregionadmin)
    cleaned_markdown = ⚠️По Т/А станом на зараз без загрози.
[Підписатись](https://t.me/sumyregion) | [Відправити новину](https://t.me/sumyregionadmin)
    formatted_text = <p>⚠️По Т/А станом на зараз без загрози.
<a href="https://t.me/sumyregion">Підписатись</a> | <a href="https://t.me/sumyregionadmin">Відправити новину</a></p>

[DEBUG] Variables:
    timestamp = 2025-06-23T04:00:43.068275
    original_text = ⚠️Сумська область, **станом на зараз **локаційно чисто по шахедам/герберам.

Слідкую 🫡

[Підписатись](https://t.me/sumyregion) | [Відправити новину](https://t.me/sumyregionadmin)
    cleaned_markdown = ⚠️Сумська область, **станом на зараз **локаційно чисто по шахедам/герберам.
Слідкую 🫡
[Підписатись](https://t.me/sumyregion) | [Відправити новину](https://t.me/sumyregionadmin)
    formatted_text = <p>⚠️Сумська область, **станом на зараз **локаційно чисто по шахедам/герберам.
Слідкую 🫡
<a href="https://t.me/sumyregion">Підписатись</a> | <a href="https://t.me/sumyregionadmin">Відправити новину</a></p>

[DEBUG] Variables:
    timestamp = 2025-06-23T04:00:43.076889
    original_text = Звернув курсом на Улянівку Миколаївку
    cleaned_markdown = Звернув курсом на Улянівку Миколаївку
    formatted_text = <p>Звернув курсом на Улянівку Миколаївку</p>

[DEBUG] Variables:
    timestamp = 2025-06-23T04:00:43.091778
    original_text = ⚠️ Тримає курс на Симонівку, Ясени, Сад ⚠️
    cleaned_markdown = ⚠️ Тримає курс на Симонівку, Ясени, Сад ⚠️
    formatted_text = <p>⚠️ Тримає курс на Симонівку, Ясени, Сад ⚠️</p>

[DEBUG] Variables:
    timestamp = 2025-06-23T04:00:43.095826
    original_text = Ракета через Дубовʼязівку, курсом на Чернігівську область ⚠️⚠️⚠️

[Підписатися](https://t.me/sumyregion) | [Відправити новину](https://t.me/sumyregionadmin)
    cleaned_markdown = Ракета через Дубовʼязівку, курсом на Чернігівську область ⚠️⚠️⚠️
[Підписатися](https://t.me/sumyregion) | [Відправити новину](https://t.me/sumyregionadmin)
    formatted_text = <p>Ракета через Дубовʼязівку, курсом на Чернігівську область ⚠️⚠️⚠️
<a href="https://t.me/sumyregion">Підписатися</a> | <a href="https://t.me/sumyregionadmin">Відправити новину</a></p>

[DEBUG] Variables:
    timestamp = 2025-06-23T04:00:43.100111
    original_text = ❗️Пуски КАБ в напрямку Юнаківської, Хотінської громади⚠️

[Підписатися](https://t.me/sumyregion) | [Відправити новину](https://t.me/sumyregionadmin)
    cleaned_markdown = ❗️Пуски КАБ в напрямку Юнаківської, Хотінської громади⚠️
[Підписатися](https://t.me/sumyregion) | [Відправити новину](https://t.me/sumyregionadmin)
    formatted_text = <p>❗️Пуски КАБ в напрямку Юнаківської, Хотінської громади⚠️
<a href="https://t.me/sumyregion">Підписатися</a> | <a href="https://t.me/sumyregionadmin">Відправити новину</a></p>

[DEBUG] Variables:
    timestamp = 2025-06-23T04:00:43.105604
    original_text = 🚨❗️Змінив курс на Білопілля Ворожбу
    cleaned_markdown = 🚨❗️Змінив курс на Білопілля Ворожбу
    formatted_text = <p>🚨❗️Змінив курс на Білопілля Ворожбу</p>

[DEBUG] Variables:
    timestamp = 2025-06-23T04:00:43.113078
    original_text = 🚨❗️ Пуски КАБ в напрямку Хотінської Річківської громади⚠️

Шахед курсом на Тростянець Боромлю.

[Підписатися](https://t.me/sumyregion) | [Відправити новину](https://t.me/sumyregionadmin)
    cleaned_markdown = 🚨❗️ Пуски КАБ в напрямку Хотінської Річківської громади⚠️
Шахед курсом на Тростянець Боромлю.
[Підписатися](https://t.me/sumyregion) | [Відправити новину](https://t.me/sumyregionadmin)
    formatted_text = <p>🚨❗️ Пуски КАБ в напрямку Хотінської Річківської громади⚠️
Шахед курсом на Тростянець Боромлю.
<a href="https://t.me/sumyregion">Підписатися</a> | <a href="https://t.me/sumyregionadmin">Відправити новину</a></p>

[DEBUG] Variables:
    timestamp = 2025-06-23T04:00:43.115495
    original_text = 🚨⚠️ 1 з Харківської області, курсом на Хухру, Охтирку
    cleaned_markdown = 🚨⚠️ 1 з Харківської області, курсом на Хухру, Охтирку
    formatted_text = <p>🚨⚠️ 1 з Харківської області, курсом на Хухру, Охтирку</p>

[DEBUG] Variables:
    timestamp = 2025-06-23T04:00:43.119388
    original_text = 🚨⚠️ Активність СУ-34 поблизу нашої області ! 

Будуть пуски напишу!⚠️

[Підписатись](https://t.me/sumyregion) | [Відправити новину](https://t.me/sumyregionadmin)
    cleaned_markdown = 🚨⚠️ Активність СУ-34 поблизу нашої області ! 
Будуть пуски напишу!⚠️
[Підписатись](https://t.me/sumyregion) | [Відправити новину](https://t.me/sumyregionadmin)
    formatted_text = <p>🚨⚠️ Активність СУ-34 поблизу нашої області !
Будуть пуски напишу!⚠️
<a href="https://t.me/sumyregion">Підписатись</a> | <a href="https://t.me/sumyregionadmin">Відправити новину</a></p>

[DEBUG] Variables:
    timestamp = 2025-06-23T04:00:43.126287
    original_text = 📡 Не Спостерігається більше.

[Підписатись](https://t.me/sumyregion) | [Відправити новину](https://t.me/sumyregionadmin)
    cleaned_markdown = 📡 Не Спостерігається більше.
[Підписатись](https://t.me/sumyregion) | [Відправити новину](https://t.me/sumyregionadmin)
    formatted_text = <p>📡 Не Спостерігається більше.
<a href="https://t.me/sumyregion">Підписатись</a> | <a href="https://t.me/sumyregionadmin">Відправити новину</a></p>

[DEBUG] Variables:
    timestamp = 2025-06-23T04:00:55.319192
    original_text = Израиль по просьбе Трампа расчистил путь для американских бомбардировщиков, которые летели бомбить Иран, — Axios. 

Издание отмечает, что об этом президент США лично попросил Нетаньяху.

«Чем мы можем помочь?» — спросил израильский премьер, согласно пересказу источников Axios. Трамп попросил его уничтожить как можно больше иранских систем ПВО на юге Ирана, США предоставили список объектов.

[War Zone ✙ ➔ △ подписаться](https://t.me/+TKscGBDgLF1kNzEy)
    cleaned_markdown = Израиль по просьбе Трампа расчистил путь для американских бомбардировщиков, которые летели бомбить Иран, — Axios. 
Издание отмечает, что об этом президент США лично попросил Нетаньяху.
«Чем мы можем помочь?» — спросил израильский премьер, согласно пересказу источников Axios. Трамп попросил его уничтожить как можно больше иранских систем ПВО на юге Ирана, США предоставили список объектов.
[War Zone ✙ ➔ △ подписаться](https://t.me/+TKscGBDgLF1kNzEy)
    formatted_text = <p>Израиль по просьбе Трампа расчистил путь для американских бомбардировщиков, которые летели бомбить Иран, — Axios.
Издание отмечает, что об этом президент США лично попросил Нетаньяху.
«Чем мы можем помочь?» — спросил израильский премьер, согласно пересказу источников Axios. Трамп попросил его уничтожить как можно больше иранских систем ПВО на юге Ирана, США предоставили список объектов.
<a href="https://t.me/+TKscGBDgLF1kNzEy">War Zone ✙ ➔ △ подписаться</a></p>

[DEBUG] Variables:
    timestamp = 2025-06-23T04:00:55.323914
    original_text = Разъебанный дом в Киеве и здание КПИ (так пишут) после прилетов

[War Zone ✙ ➔ △ подписаться](https://t.me/+TKscGBDgLF1kNzEy)
    cleaned_markdown = Разъебанный дом в Киеве и здание КПИ (так пишут) после прилетов
[War Zone ✙ ➔ △ подписаться](https://t.me/+TKscGBDgLF1kNzEy)
    formatted_text = <p>Разъебанный дом в Киеве и здание КПИ (так пишут) после прилетов
<a href="https://t.me/+TKscGBDgLF1kNzEy">War Zone ✙ ➔ △ подписаться</a></p>

[DEBUG] Variables:
    timestamp = 2025-06-23T04:00:55.333334
    original_text = [War Zone ✙ ➔ △ подписаться](https://t.me/+TKscGBDgLF1kNzEy)
    cleaned_markdown = [War Zone ✙ ➔ △ подписаться](https://t.me/+TKscGBDgLF1kNzEy)
    formatted_text = <p><a href="https://t.me/+TKscGBDgLF1kNzEy">War Zone ✙ ➔ △ подписаться</a></p>

[DEBUG] Variables:
    timestamp = 2025-06-23T04:00:55.337146
    original_text = Опять по Киеву хуева туча чего летела, искандер крылатый прям над хатой полетел

[War Zone ✙ ➔ △ подписаться](https://t.me/+TKscGBDgLF1kNzEy)
    cleaned_markdown = Опять по Киеву хуева туча чего летела, искандер крылатый прям над хатой полетел
[War Zone ✙ ➔ △ подписаться](https://t.me/+TKscGBDgLF1kNzEy)
    formatted_text = <p>Опять по Киеву хуева туча чего летела, искандер крылатый прям над хатой полетел
<a href="https://t.me/+TKscGBDgLF1kNzEy">War Zone ✙ ➔ △ подписаться</a></p>

[DEBUG] Variables:
    timestamp = 2025-06-23T04:00:55.339987
    original_text = [War Zone ✙ ➔ △ подписаться](https://t.me/+TKscGBDgLF1kNzEy)
    cleaned_markdown = [War Zone ✙ ➔ △ подписаться](https://t.me/+TKscGBDgLF1kNzEy)
    formatted_text = <p><a href="https://t.me/+TKscGBDgLF1kNzEy">War Zone ✙ ➔ △ подписаться</a></p>

